{"timestamp":"2026-03-03T10:54:33.957Z","method":"POST","body":{"message":"hello from client"}}
--------------------------------
{"timestamp":"2026-03-03T11:01:02.322Z","method":"GET","url":"https://www.youtube.com/watch?v=2Aj-IN3RGc0","query":{"url":"https://www.youtube.com/watch?v=2Aj-IN3RGc0"}}
--------------------------------
{"timestamp":"2026-03-03T11:01:07.316Z","method":"GET","url":"https://www.youtube.com/watch?v=fNAtIMzue_U","query":{"url":"https://www.youtube.com/watch?v=fNAtIMzue_U"}}
--------------------------------
{"timestamp":"2026-03-03T11:01:07.324Z","method":"GET","url":"https://www.youtube.com/watch?v=2Aj-IN3RGc0","query":{"url":"https://www.youtube.com/watch?v=2Aj-IN3RGc0"}}
--------------------------------
{"timestamp":"2026-03-03T11:01:12.321Z","method":"GET","url":"https://www.youtube.com/watch?v=2Aj-IN3RGc0","query":{"url":"https://www.youtube.com/watch?v=2Aj-IN3RGc0"}}
--------------------------------
{"timestamp":"2026-03-03T11:01:12.326Z","method":"GET","url":"https://www.youtube.com/watch?v=HKw4XjUQ10w","query":{"url":"https://www.youtube.com/watch?v=HKw4XjUQ10w"}}
--------------------------------
{"timestamp":"2026-03-03T11:01:17.322Z","method":"GET","url":"https://www.youtube.com/watch?v=fNAtIMzue_U","query":{"url":"https://www.youtube.com/watch?v=fNAtIMzue_U"}}
--------------------------------
{"timestamp":"2026-03-03T11:01:17.719Z","method":"GET","url":"https://www.youtube.com/watch?v=2Aj-IN3RGc0","query":{"url":"https://www.youtube.com/watch?v=2Aj-IN3RGc0"}}
--------------------------------
{"timestamp":"2026-03-03T11:01:22.328Z","method":"GET","url":"https://www.youtube.com/watch?v=2Aj-IN3RGc0","query":{"url":"https://www.youtube.com/watch?v=2Aj-IN3RGc0"}}
--------------------------------
{"timestamp":"2026-03-03T11:01:58.713Z","method":"GET","url":"https://youtu.be/dQw4w9WgXcQ","query":{"url":"https://youtu.be/dQw4w9WgXcQ"}}
--------------------------------
{"timestamp":"2026-03-03T11:02:46.805Z","method":"GET","url":"https://www.youtube.com/shorts/a-1lZvvTNOs","query":{"url":"https://www.youtube.com/shorts/a-1lZvvTNOs"}}
--------------------------------
